# JRE version: Java(TM) SE Runtime Environment (8.0_181-b13) (build 1.8.0_181-b13)
# Java VM: Java HotSpot(TM) 64-Bit Server VM (25.181-b13 mixed mode windows-amd64 compressed oops)
Heap:
 PSYoungGen      total 294912K, used 14792K [0x00000000eab00000, 0x00000000ff780000, 0x0000000100000000)
  eden space 280064K, 5% used [0x00000000eab00000,0x00000000eb972208,0x00000000fbc80000)
  from space 14848K, 0% used [0x00000000fd500000,0x00000000fd500000,0x00000000fe380000)
  to   space 25088K, 0% used [0x00000000fbc80000,0x00000000fbc80000,0x00000000fd500000)
 ParOldGen       total 133632K, used 87531K [0x00000000c0000000, 0x00000000c8280000, 0x00000000eab00000)
  object space 133632K, 65% used [0x00000000c0000000,0x00000000c557af18,0x00000000c8280000)
 Metaspace       used 85320K, capacity 96266K, committed 96512K, reserved 1132544K
  class space    used 10951K, capacity 14038K, committed 14080K, reserved 1048576K
GC Heap History (10 events):
Event: 52.144 GC heap before
{Heap before GC invocations=25 (full 4):
 PSYoungGen      total 229888K, used 11591K [0x00000000eab00000, 0x00000000fc280000, 0x0000000100000000)
  eden space 217088K, 0% used [0x00000000eab00000,0x00000000eab00000,0x00000000f7f00000)
  from space 12800K, 90% used [0x00000000f7f00000,0x00000000f8a51fa0,0x00000000f8b80000)
  to   space 14336K, 0% used [0x00000000fb480000,0x00000000fb480000,0x00000000fc280000)
 ParOldGen       total 59392K, used 51466K [0x00000000c0000000, 0x00000000c3a00000, 0x00000000eab00000)
  object space 59392K, 86% used [0x00000000c0000000,0x00000000c3242b20,0x00000000c3a00000)
 Metaspace       used 78574K, capacity 88844K, committed 89088K, reserved 1126400K
  class space    used 10049K, capacity 12954K, committed 13056K, reserved 1048576K
Event: 52.451 GC heap after
Heap after GC invocations=25 (full 4):
 PSYoungGen      total 229888K, used 0K [0x00000000eab00000, 0x00000000fc280000, 0x0000000100000000)
  eden space 217088K, 0% used [0x00000000eab00000,0x00000000eab00000,0x00000000f7f00000)
  from space 12800K, 0% used [0x00000000f7f00000,0x00000000f7f00000,0x00000000f8b80000)
  to   space 14336K, 0% used [0x00000000fb480000,0x00000000fb480000,0x00000000fc280000)
 ParOldGen       total 88576K, used 55690K [0x00000000c0000000, 0x00000000c5680000, 0x00000000eab00000)
  object space 88576K, 62% used [0x00000000c0000000,0x00000000c3662978,0x00000000c5680000)
 Metaspace       used 78570K, capacity 88838K, committed 89088K, reserved 1126400K
  class space    used 10048K, capacity 12953K, committed 13056K, reserved 1048576K
}
Event: 54.819 GC heap before
{Heap before GC invocations=26 (full 4):
 PSYoungGen      total 229888K, used 217088K [0x00000000eab00000, 0x00000000fc280000, 0x0000000100000000)
  eden space 217088K, 100% used [0x00000000eab00000,0x00000000f7f00000,0x00000000f7f00000)
  from space 12800K, 0% used [0x00000000f7f00000,0x00000000f7f00000,0x00000000f8b80000)
  to   space 14336K, 0% used [0x00000000fb480000,0x00000000fb480000,0x00000000fc280000)
 ParOldGen       total 88576K, used 55690K [0x00000000c0000000, 0x00000000c5680000, 0x00000000eab00000)
  object space 88576K, 62% used [0x00000000c0000000,0x00000000c3662978,0x00000000c5680000)
 Metaspace       used 82646K, capacity 93404K, committed 93568K, reserved 1128448K
  class space    used 10613K, capacity 13653K, committed 13696K, reserved 1048576K
Event: 54.837 GC heap after
Heap after GC invocations=26 (full 4):
 PSYoungGen      total 262656K, used 7761K [0x00000000eab00000, 0x00000000fbe00000, 0x0000000100000000)
  eden space 252928K, 0% used [0x00000000eab00000,0x00000000eab00000,0x00000000fa200000)
  from space 9728K, 79% used [0x00000000fb480000,0x00000000fbc147c8,0x00000000fbe00000)
  to   space 14336K, 0% used [0x00000000fa200000,0x00000000fa200000,0x00000000fb000000)
 ParOldGen       total 88576K, used 55698K [0x00000000c0000000, 0x00000000c5680000, 0x00000000eab00000)
  object space 88576K, 62% used [0x00000000c0000000,0x00000000c3664978,0x00000000c5680000)
 Metaspace       used 82646K, capacity 93404K, committed 93568K, reserved 1128448K
  class space    used 10613K, capacity 13653K, committed 13696K, reserved 1048576K
}
Event: 63.284 GC heap before
{Heap before GC invocations=27 (full 4):
 PSYoungGen      total 262656K, used 260689K [0x00000000eab00000, 0x00000000fbe00000, 0x0000000100000000)
  eden space 252928K, 100% used [0x00000000eab00000,0x00000000fa200000,0x00000000fa200000)
  from space 9728K, 79% used [0x00000000fb480000,0x00000000fbc147c8,0x00000000fbe00000)
  to   space 14336K, 0% used [0x00000000fa200000,0x00000000fa200000,0x00000000fb000000)
 ParOldGen       total 88576K, used 55698K [0x00000000c0000000, 0x00000000c5680000, 0x00000000eab00000)
  object space 88576K, 62% used [0x00000000c0000000,0x00000000c3664978,0x00000000c5680000)
 Metaspace       used 85232K, capacity 96184K, committed 96512K, reserved 1132544K
  class space    used 10949K, capacity 14035K, committed 14080K, reserved 1048576K
Event: 63.319 GC heap after
Heap after GC invocations=27 (full 4):
 PSYoungGen      total 267264K, used 10316K [0x00000000eab00000, 0x00000000fe380000, 0x0000000100000000)
  eden space 252928K, 0% used [0x00000000eab00000,0x00000000eab00000,0x00000000fa200000)
  from space 14336K, 71% used [0x00000000fa200000,0x00000000fac13048,0x00000000fb000000)
  to   space 14848K, 0% used [0x00000000fd500000,0x00000000fd500000,0x00000000fe380000)
 ParOldGen       total 88576K, used 55706K [0x00000000c0000000, 0x00000000c5680000, 0x00000000eab00000)
  object space 88576K, 62% used [0x00000000c0000000,0x00000000c3666978,0x00000000c5680000)
 Metaspace       used 85232K, capacity 96184K, committed 96512K, reserved 1132544K
  class space    used 10949K, capacity 14035K, committed 14080K, reserved 1048576K
}
Event: 68.985 GC heap before
{Heap before GC invocations=28 (full 4):
 PSYoungGen      total 267264K, used 263244K [0x00000000eab00000, 0x00000000fe380000, 0x0000000100000000)
  eden space 252928K, 100% used [0x00000000eab00000,0x00000000fa200000,0x00000000fa200000)
  from space 14336K, 71% used [0x00000000fa200000,0x00000000fac13048,0x00000000fb000000)
  to   space 14848K, 0% used [0x00000000fd500000,0x00000000fd500000,0x00000000fe380000)
 ParOldGen       total 88576K, used 55706K [0x00000000c0000000, 0x00000000c5680000, 0x00000000eab00000)
  object space 88576K, 62% used [0x00000000c0000000,0x00000000c3666978,0x00000000c5680000)
 Metaspace       used 85299K, capacity 96266K, committed 96512K, reserved 1132544K
  class space    used 10950K, capacity 14038K, committed 14080K, reserved 1048576K
Event: 69.053 GC heap after
Heap after GC invocations=28 (full 4):
 PSYoungGen      total 294912K, used 14825K [0x00000000eab00000, 0x00000000ff780000, 0x0000000100000000)
  eden space 280064K, 0% used [0x00000000eab00000,0x00000000eab00000,0x00000000fbc80000)
  from space 14848K, 99% used [0x00000000fd500000,0x00000000fe37a798,0x00000000fe380000)
  to   space 25088K, 0% used [0x00000000fbc80000,0x00000000fbc80000,0x00000000fd500000)
 ParOldGen       total 88576K, used 77712K [0x00000000c0000000, 0x00000000c5680000, 0x00000000eab00000)
  object space 88576K, 87% used [0x00000000c0000000,0x00000000c4be4300,0x00000000c5680000)
 Metaspace       used 85299K, capacity 96266K, committed 96512K, reserved 1132544K
  class space    used 10950K, capacity 14038K, committed 14080K, reserved 1048576K
}
Event: 69.053 GC heap before
{Heap before GC invocations=29 (full 5):
 PSYoungGen      total 294912K, used 14825K [0x00000000eab00000, 0x00000000ff780000, 0x0000000100000000)
  eden space 280064K, 0% used [0x00000000eab00000,0x00000000eab00000,0x00000000fbc80000)
  from space 14848K, 99% used [0x00000000fd500000,0x00000000fe37a798,0x00000000fe380000)
  to   space 25088K, 0% used [0x00000000fbc80000,0x00000000fbc80000,0x00000000fd500000)
 ParOldGen       total 88576K, used 77712K [0x00000000c0000000, 0x00000000c5680000, 0x00000000eab00000)
  object space 88576K, 87% used [0x00000000c0000000,0x00000000c4be4300,0x00000000c5680000)
 Metaspace       used 85299K, capacity 96266K, committed 96512K, reserved 1132544K
  class space    used 10950K, capacity 14038K, committed 14080K, reserved 1048576K
Event: 69.568 GC heap after
Heap after GC invocations=29 (full 5):
 PSYoungGen      total 294912K, used 0K [0x00000000eab00000, 0x00000000ff780000, 0x0000000100000000)
  eden space 280064K, 0% used [0x00000000eab00000,0x00000000eab00000,0x00000000fbc80000)
  from space 14848K, 0% used [0x00000000fd500000,0x00000000fd500000,0x00000000fe380000)
  to   space 25088K, 0% used [0x00000000fbc80000,0x00000000fbc80000,0x00000000fd500000)
 ParOldGen       total 133632K, used 87531K [0x00000000c0000000, 0x00000000c8280000, 0x00000000eab00000)
  object space 133632K, 65% used [0x00000000c0000000,0x00000000c557af18,0x00000000c8280000)
 Metaspace       used 85299K, capacity 96266K, committed 96512K, reserved 1132544K
  class space    used 10950K, capacity 14038K, committed 14080K, reserved 1048576K
}

